<?xml version="1.0" encoding="UTF-8"?>
<!-- Generated by org.testng.reporters.JUnitXMLReporter -->
<testsuite ignored="0" hostname="AM-C02C31ACMD6M" failures="0" tests="5" name="Test" time="67.219" errors="0" timestamp="2021-04-14T12:37:16 IST">
  <testcase classname="TestModules.Login" name="createNewAccount" time="29.445"/>
  <testcase classname="TestModules.Login" name="createNewAccount" time="29.455"/>
  <testcase classname="TestModules.Login" name="performDressCheckout" time="24.013"/>
  <testcase classname="TestModules.Login" name="performDressCheckout" time="25.069"/>
  <testcase classname="TestModules.Login" name="logout" time="11.429"/>
</testsuite> <!-- Test -->
